# JRE version: OpenJDK Runtime Environment (21.0.5) (build 21.0.5+-12932927-b750.29)
# Java VM: OpenJDK 64-Bit Server VM (21.0.5+-12932927-b750.29, mixed mode, tiered, compressed oops, compressed class ptrs, g1 gc, windows-amd64)
GC Precious Log:
 CardTable entry size: 512
 Card Set container configuration: InlinePtr #cards 5 size 8 Array Of Cards #cards 12 size 40 Howl #buckets 4 coarsen threshold 1843 Howl Bitmap #cards 512 size 80 coarsen threshold 460 Card regions per heap region 1 cards per card region 2048
 CPUs: 16 total, 16 available
 Memory: 7863M
 Large Page Support: Disabled
 NUMA Support: Disabled
 Compressed Oops: Enabled (32-bit)
 Heap Region Size: 1M
 Heap Min Capacity: 8M
 Heap Initial Capacity: 124M
 Heap Max Capacity: 2G
 Pre-touch: Disabled
 Parallel Workers: 13
 Concurrent Workers: 3
 Concurrent Refinement Workers: 13
 Periodic GC: Disabled
Heap:
 garbage-first heap   total 261120K, used 218198K [0x0000000080000000, 0x0000000100000000)
  region size 1024K, 66 young (67584K), 8 survivors (8192K)
 Metaspace       used 129840K, committed 132224K, reserved 1179648K
  class space    used 17077K, committed 18304K, reserved 1048576K
GC Heap History (20 events):
Event: 10.833 GC heap before
{Heap before GC invocations=34 (full 0):
 garbage-first heap   total 193536K, used 176348K [0x0000000080000000, 0x0000000100000000)
  region size 1024K, 61 young (62464K), 2 survivors (2048K)
 Metaspace       used 99421K, committed 101504K, reserved 1179648K
  class space    used 13394K, committed 14464K, reserved 1048576K
}
Event: 10.836 GC heap after
{Heap after GC invocations=35 (full 0):
 garbage-first heap   total 193536K, used 121167K [0x0000000080000000, 0x0000000100000000)
  region size 1024K, 6 young (6144K), 6 survivors (6144K)
 Metaspace       used 99421K, committed 101504K, reserved 1179648K
  class space    used 13394K, committed 14464K, reserved 1048576K
}
Event: 11.369 GC heap before
{Heap before GC invocations=35 (full 0):
 garbage-first heap   total 193536K, used 191823K [0x0000000080000000, 0x0000000100000000)
  region size 1024K, 56 young (57344K), 6 survivors (6144K)
 Metaspace       used 105756K, committed 107968K, reserved 1179648K
  class space    used 14090K, committed 15168K, reserved 1048576K
}
Event: 11.376 GC heap after
{Heap after GC invocations=36 (full 0):
 garbage-first heap   total 206848K, used 141220K [0x0000000080000000, 0x0000000100000000)
  region size 1024K, 8 young (8192K), 8 survivors (8192K)
 Metaspace       used 105756K, committed 107968K, reserved 1179648K
  class space    used 14090K, committed 15168K, reserved 1048576K
}
Event: 11.737 GC heap before
{Heap before GC invocations=36 (full 0):
 garbage-first heap   total 206848K, used 186276K [0x0000000080000000, 0x0000000100000000)
  region size 1024K, 53 young (54272K), 8 survivors (8192K)
 Metaspace       used 106901K, committed 109120K, reserved 1179648K
  class space    used 14251K, committed 15360K, reserved 1048576K
}
Event: 11.743 GC heap after
{Heap after GC invocations=37 (full 0):
 garbage-first heap   total 206848K, used 145651K [0x0000000080000000, 0x0000000100000000)
  region size 1024K, 5 young (5120K), 5 survivors (5120K)
 Metaspace       used 106901K, committed 109120K, reserved 1179648K
  class space    used 14251K, committed 15360K, reserved 1048576K
}
Event: 12.018 GC heap before
{Heap before GC invocations=38 (full 0):
 garbage-first heap   total 245760K, used 187635K [0x0000000080000000, 0x0000000100000000)
  region size 1024K, 46 young (47104K), 5 survivors (5120K)
 Metaspace       used 106901K, committed 109120K, reserved 1179648K
  class space    used 14251K, committed 15360K, reserved 1048576K
}
Event: 12.021 GC heap after
{Heap after GC invocations=39 (full 0):
 garbage-first heap   total 245760K, used 146841K [0x0000000080000000, 0x0000000100000000)
  region size 1024K, 4 young (4096K), 4 survivors (4096K)
 Metaspace       used 106901K, committed 109120K, reserved 1179648K
  class space    used 14251K, committed 15360K, reserved 1048576K
}
Event: 12.322 GC heap before
{Heap before GC invocations=39 (full 0):
 garbage-first heap   total 245760K, used 222617K [0x0000000080000000, 0x0000000100000000)
  region size 1024K, 78 young (79872K), 4 survivors (4096K)
 Metaspace       used 106929K, committed 109120K, reserved 1179648K
  class space    used 14259K, committed 15360K, reserved 1048576K
}
Event: 12.326 GC heap after
{Heap after GC invocations=40 (full 0):
 garbage-first heap   total 245760K, used 146194K [0x0000000080000000, 0x0000000100000000)
  region size 1024K, 6 young (6144K), 6 survivors (6144K)
 Metaspace       used 106929K, committed 109120K, reserved 1179648K
  class space    used 14259K, committed 15360K, reserved 1048576K
}
Event: 12.620 GC heap before
{Heap before GC invocations=40 (full 0):
 garbage-first heap   total 245760K, used 222994K [0x0000000080000000, 0x0000000100000000)
  region size 1024K, 81 young (82944K), 6 survivors (6144K)
 Metaspace       used 106929K, committed 109120K, reserved 1179648K
  class space    used 14259K, committed 15360K, reserved 1048576K
}
Event: 12.625 GC heap after
{Heap after GC invocations=41 (full 0):
 garbage-first heap   total 245760K, used 148120K [0x0000000080000000, 0x0000000100000000)
  region size 1024K, 8 young (8192K), 8 survivors (8192K)
 Metaspace       used 106929K, committed 109120K, reserved 1179648K
  class space    used 14259K, committed 15360K, reserved 1048576K
}
Event: 13.032 GC heap before
{Heap before GC invocations=42 (full 0):
 garbage-first heap   total 249856K, used 221848K [0x0000000080000000, 0x0000000100000000)
  region size 1024K, 81 young (82944K), 8 survivors (8192K)
 Metaspace       used 107293K, committed 109504K, reserved 1179648K
  class space    used 14280K, committed 15360K, reserved 1048576K
}
Event: 13.038 GC heap after
{Heap after GC invocations=43 (full 0):
 garbage-first heap   total 249856K, used 150458K [0x0000000080000000, 0x0000000100000000)
  region size 1024K, 8 young (8192K), 8 survivors (8192K)
 Metaspace       used 107293K, committed 109504K, reserved 1179648K
  class space    used 14280K, committed 15360K, reserved 1048576K
}
Event: 13.661 GC heap before
{Heap before GC invocations=43 (full 0):
 garbage-first heap   total 249856K, used 228282K [0x0000000080000000, 0x0000000100000000)
  region size 1024K, 83 young (84992K), 8 survivors (8192K)
 Metaspace       used 115705K, committed 117952K, reserved 1179648K
  class space    used 15360K, committed 16448K, reserved 1048576K
}
Event: 13.668 GC heap after
{Heap after GC invocations=44 (full 0):
 garbage-first heap   total 249856K, used 152069K [0x0000000080000000, 0x0000000100000000)
  region size 1024K, 9 young (9216K), 9 survivors (9216K)
 Metaspace       used 115705K, committed 117952K, reserved 1179648K
  class space    used 15360K, committed 16448K, reserved 1048576K
}
Event: 14.203 GC heap before
{Heap before GC invocations=44 (full 0):
 garbage-first heap   total 249856K, used 225797K [0x0000000080000000, 0x0000000100000000)
  region size 1024K, 81 young (82944K), 9 survivors (9216K)
 Metaspace       used 119896K, committed 122240K, reserved 1179648K
  class space    used 15846K, committed 17024K, reserved 1048576K
}
Event: 14.208 GC heap after
{Heap after GC invocations=45 (full 0):
 garbage-first heap   total 249856K, used 156323K [0x0000000080000000, 0x0000000100000000)
  region size 1024K, 10 young (10240K), 10 survivors (10240K)
 Metaspace       used 119896K, committed 122240K, reserved 1179648K
  class space    used 15846K, committed 17024K, reserved 1048576K
}
Event: 14.625 GC heap before
{Heap before GC invocations=46 (full 0):
 garbage-first heap   total 261120K, used 223907K [0x0000000080000000, 0x0000000100000000)
  region size 1024K, 77 young (78848K), 10 survivors (10240K)
 Metaspace       used 121455K, committed 123776K, reserved 1179648K
  class space    used 16042K, committed 17216K, reserved 1048576K
}
Event: 14.630 GC heap after
{Heap after GC invocations=47 (full 0):
 garbage-first heap   total 261120K, used 160854K [0x0000000080000000, 0x0000000100000000)
  region size 1024K, 8 young (8192K), 8 survivors (8192K)
 Metaspace       used 121455K, committed 123776K, reserved 1179648K
  class space    used 16042K, committed 17216K, reserved 1048576K
}

